<?xml version="1.0" encoding="UTF-8"?>
<testng-results ignored="0" total="1" passed="1" failed="0" skipped="0">
  <reporter-output>
  </reporter-output>
  <suite started-at="2023-09-16T14:53:08 IST" name="Surefire suite" finished-at="2023-09-16T14:53:55 IST" duration-ms="46891">
    <groups>
    </groups>
    <test started-at="2023-09-16T14:53:08 IST" name="Surefire test" finished-at="2023-09-16T14:53:55 IST" duration-ms="46891">
      <class name="com.sampletest.mavenproject.AppTest">
        <test-method signature="testhelloworld()[pri:0, instance:com.sampletest.mavenproject.AppTest@22ff4249]" started-at="2023-09-16T14:53:08 IST" name="testhelloworld" finished-at="2023-09-16T14:53:55 IST" duration-ms="46853" status="PASS">
          <reporter-output>
          </reporter-output>
        </test-method> <!-- testhelloworld -->
      </class> <!-- com.sampletest.mavenproject.AppTest -->
    </test> <!-- Surefire test -->
  </suite> <!-- Surefire suite -->
</testng-results>
